2019-06-29 13:56:34,271 INFO [main] HHH000204: Processing PersistenceUnitInfo [
	name: agenda-pu
	...]
2019-06-29 13:56:34,543 INFO [main] HHH000412: Hibernate Core {5.3.6.Final}
2019-06-29 13:56:34,546 INFO [main] HHH000206: hibernate.properties not found
2019-06-29 13:56:34,595 WARN [main] HHH000059: Defining hibernate.transaction.flush_before_completion=true ignored in HEM
2019-06-29 13:56:34,849 INFO [main] HCANN000001: Hibernate Commons Annotations {5.0.4.Final}
2019-06-29 13:56:36,185 INFO [main] HHH000400: Using dialect: org.hibernate.dialect.H2Dialect
2019-06-29 13:56:37,050 INFO [main] HHH10005002: No explicit CDI BeanManager reference was passed to Hibernate, but CDI is available on the Hibernate ClassLoader.
2019-06-29 13:56:38,196 INFO [main] HHH000397: Using ASTQueryTranslatorFactory
2019-06-29 14:18:58,476 INFO [main] HHH000204: Processing PersistenceUnitInfo [
	name: agenda-pu
	...]
2019-06-29 14:18:58,746 INFO [main] HHH000412: Hibernate Core {5.3.6.Final}
2019-06-29 14:18:58,753 INFO [main] HHH000206: hibernate.properties not found
2019-06-29 14:18:58,798 WARN [main] HHH000059: Defining hibernate.transaction.flush_before_completion=true ignored in HEM
2019-06-29 14:18:58,971 INFO [main] HCANN000001: Hibernate Commons Annotations {5.0.4.Final}
2019-06-29 14:19:00,163 INFO [main] HHH000400: Using dialect: org.hibernate.dialect.H2Dialect
2019-06-29 14:19:00,817 INFO [main] HHH10005002: No explicit CDI BeanManager reference was passed to Hibernate, but CDI is available on the Hibernate ClassLoader.
2019-06-29 14:19:01,861 INFO [main] HHH000397: Using ASTQueryTranslatorFactory
2019-06-29 14:19:31,694 INFO [main] HHH000204: Processing PersistenceUnitInfo [
	name: agenda-pu
	...]
2019-06-29 14:19:32,657 INFO [main] HHH000412: Hibernate Core {5.3.6.Final}
2019-06-29 14:19:32,664 INFO [main] HHH000206: hibernate.properties not found
2019-06-29 14:19:32,750 WARN [main] HHH000059: Defining hibernate.transaction.flush_before_completion=true ignored in HEM
2019-06-29 14:19:32,925 INFO [main] HCANN000001: Hibernate Commons Annotations {5.0.4.Final}
2019-06-29 14:19:34,235 INFO [main] HHH000400: Using dialect: org.hibernate.dialect.H2Dialect
2019-06-29 14:19:35,274 INFO [main] HHH10005002: No explicit CDI BeanManager reference was passed to Hibernate, but CDI is available on the Hibernate ClassLoader.
2019-06-29 14:19:36,403 INFO [main] HHH000397: Using ASTQueryTranslatorFactory
2019-06-29 14:41:32,468 INFO [main] HHH000204: Processing PersistenceUnitInfo [
	name: agenda-pu
	...]
2019-06-29 14:41:32,875 INFO [main] HHH000412: Hibernate Core {5.3.6.Final}
2019-06-29 14:41:32,881 INFO [main] HHH000206: hibernate.properties not found
2019-06-29 14:41:32,967 WARN [main] HHH000059: Defining hibernate.transaction.flush_before_completion=true ignored in HEM
2019-06-29 14:41:33,192 INFO [main] HCANN000001: Hibernate Commons Annotations {5.0.4.Final}
2019-06-29 14:41:34,724 INFO [main] HHH000400: Using dialect: org.hibernate.dialect.H2Dialect
2019-06-29 14:41:35,621 INFO [main] HHH10005002: No explicit CDI BeanManager reference was passed to Hibernate, but CDI is available on the Hibernate ClassLoader.
2019-06-29 14:41:36,639 INFO [main] HHH000397: Using ASTQueryTranslatorFactory
