2019-06-23 12:29:34,825 INFO [JavaFX Application Thread] WELD-000900: 3.1.1 (Final)
2019-06-23 12:29:34,893 INFO [JavaFX Application Thread] WELD-ENV-000020: Using jandex for bean discovery
2019-06-23 12:29:35,701 INFO [JavaFX Application Thread] WELD-000101: Transactional services not available. Injection of @Inject UserTransaction not available. Transactional observers will be invoked synchronously.
2019-06-23 12:29:36,173 INFO [JavaFX Application Thread] WELD-ENV-002003: Weld SE container ada724f9-d095-4474-b259-edd6faa1ceba initialized
2019-06-23 12:29:36,196 INFO [JavaFX Application Thread] Starting Migration Application
2019-06-23 12:30:48,190 INFO [JavaFX Application Thread] WELD-000900: 3.1.1 (Final)
2019-06-23 12:30:48,272 INFO [JavaFX Application Thread] WELD-ENV-000020: Using jandex for bean discovery
2019-06-23 12:30:49,310 INFO [JavaFX Application Thread] WELD-000101: Transactional services not available. Injection of @Inject UserTransaction not available. Transactional observers will be invoked synchronously.
2019-06-23 12:30:49,737 INFO [JavaFX Application Thread] WELD-ENV-002003: Weld SE container 4072e552-8a46-4d84-bc2c-75ba4b2784f4 initialized
2019-06-23 12:30:49,757 INFO [JavaFX Application Thread] Starting Migration Application
2019-06-23 12:30:49,960 INFO [JavaFX Application Thread] INICIADO
2019-06-23 12:33:55,678 INFO [JavaFX Application Thread] WELD-000900: 3.1.1 (Final)
2019-06-23 12:33:55,740 INFO [JavaFX Application Thread] WELD-ENV-000020: Using jandex for bean discovery
2019-06-23 12:33:56,724 INFO [JavaFX Application Thread] WELD-000101: Transactional services not available. Injection of @Inject UserTransaction not available. Transactional observers will be invoked synchronously.
2019-06-23 12:33:57,185 INFO [JavaFX Application Thread] WELD-ENV-002003: Weld SE container 32a5e57f-0ca7-4594-aa61-cf8639e13a97 initialized
2019-06-23 12:33:57,216 INFO [JavaFX Application Thread] Starting Migration Application
2019-06-23 12:33:57,461 INFO [JavaFX Application Thread] INICIADO
2019-06-23 12:34:19,596 INFO [JavaFX Application Thread] WELD-000900: 3.1.1 (Final)
2019-06-23 12:34:19,657 INFO [JavaFX Application Thread] WELD-ENV-000020: Using jandex for bean discovery
2019-06-23 12:34:20,440 INFO [JavaFX Application Thread] WELD-000101: Transactional services not available. Injection of @Inject UserTransaction not available. Transactional observers will be invoked synchronously.
2019-06-23 12:34:20,997 INFO [JavaFX Application Thread] WELD-ENV-002003: Weld SE container 1e4f4ca2-7258-44f0-9168-126ddc317181 initialized
2019-06-23 12:34:21,021 INFO [JavaFX Application Thread] Starting Migration Application
2019-06-23 12:34:21,248 INFO [JavaFX Application Thread] INICIADO
2019-06-23 12:35:19,675 INFO [JavaFX Application Thread] WELD-000900: 3.1.1 (Final)
2019-06-23 12:35:19,735 INFO [JavaFX Application Thread] WELD-ENV-000020: Using jandex for bean discovery
2019-06-23 12:35:20,511 INFO [JavaFX Application Thread] WELD-000101: Transactional services not available. Injection of @Inject UserTransaction not available. Transactional observers will be invoked synchronously.
2019-06-23 12:35:21,179 INFO [JavaFX Application Thread] WELD-ENV-002003: Weld SE container 6f324932-4cc1-47b4-a921-21990b92c992 initialized
2019-06-23 12:35:21,206 INFO [JavaFX Application Thread] Starting Migration Application
2019-06-23 12:35:21,420 INFO [JavaFX Application Thread] INICIADO
2019-06-23 12:35:31,069 INFO [Thread-5] WELD-ENV-002001: Weld SE container 6f324932-4cc1-47b4-a921-21990b92c992 shut down
2019-06-23 12:35:57,878 INFO [JavaFX Application Thread] WELD-000900: 3.1.1 (Final)
2019-06-23 12:35:57,938 INFO [JavaFX Application Thread] WELD-ENV-000020: Using jandex for bean discovery
2019-06-23 12:35:58,710 INFO [JavaFX Application Thread] WELD-000101: Transactional services not available. Injection of @Inject UserTransaction not available. Transactional observers will be invoked synchronously.
2019-06-23 12:35:59,160 INFO [JavaFX Application Thread] WELD-ENV-002003: Weld SE container 5af946c4-49a2-4223-899e-e1d1796af3bd initialized
2019-06-23 12:35:59,194 INFO [JavaFX Application Thread] Starting Migration Application
2019-06-23 12:35:59,499 INFO [JavaFX Application Thread] INICIADO
2019-06-23 12:36:28,124 INFO [JavaFX Application Thread] WELD-000900: 3.1.1 (Final)
2019-06-23 12:36:28,219 INFO [JavaFX Application Thread] WELD-ENV-000020: Using jandex for bean discovery
2019-06-23 12:36:29,094 INFO [JavaFX Application Thread] WELD-000101: Transactional services not available. Injection of @Inject UserTransaction not available. Transactional observers will be invoked synchronously.
2019-06-23 12:36:29,535 INFO [JavaFX Application Thread] WELD-ENV-002003: Weld SE container c83ee920-a0be-4e1f-aaa5-febdc800e91f initialized
2019-06-23 12:36:29,555 INFO [JavaFX Application Thread] Starting Migration Application
2019-06-23 12:36:29,746 INFO [JavaFX Application Thread] INICIADO
2019-06-23 12:37:13,509 INFO [JavaFX Application Thread] WELD-000900: 3.1.1 (Final)
2019-06-23 12:37:13,583 INFO [JavaFX Application Thread] WELD-ENV-000020: Using jandex for bean discovery
2019-06-23 12:37:14,624 INFO [JavaFX Application Thread] WELD-000101: Transactional services not available. Injection of @Inject UserTransaction not available. Transactional observers will be invoked synchronously.
2019-06-23 12:37:15,172 INFO [JavaFX Application Thread] WELD-ENV-002003: Weld SE container 688b3851-827a-41d1-87f3-0c52249c9686 initialized
2019-06-23 12:37:15,202 INFO [JavaFX Application Thread] Starting Migration Application
2019-06-23 12:37:15,436 INFO [JavaFX Application Thread] INICIADO
2019-06-23 12:37:35,258 INFO [JavaFX Application Thread] WELD-000900: 3.1.1 (Final)
2019-06-23 12:37:35,332 INFO [JavaFX Application Thread] WELD-ENV-000020: Using jandex for bean discovery
2019-06-23 12:37:36,201 INFO [JavaFX Application Thread] WELD-000101: Transactional services not available. Injection of @Inject UserTransaction not available. Transactional observers will be invoked synchronously.
2019-06-23 12:37:36,658 INFO [JavaFX Application Thread] WELD-ENV-002003: Weld SE container 07db7f1b-ceb2-46da-b709-9b140e2460a7 initialized
2019-06-23 12:37:36,680 INFO [JavaFX Application Thread] Starting Migration Application
2019-06-23 12:37:36,869 INFO [JavaFX Application Thread] INICIADO
2019-06-23 12:47:23,624 INFO [JavaFX Application Thread] WELD-000900: 3.1.1 (Final)
2019-06-23 12:47:23,766 INFO [JavaFX Application Thread] WELD-ENV-000020: Using jandex for bean discovery
2019-06-23 12:47:24,659 INFO [JavaFX Application Thread] WELD-000101: Transactional services not available. Injection of @Inject UserTransaction not available. Transactional observers will be invoked synchronously.
2019-06-23 12:47:25,088 INFO [JavaFX Application Thread] WELD-ENV-002003: Weld SE container 5bb15f8a-7290-41cd-a9eb-7bb48e2304b6 initialized
2019-06-23 12:47:25,111 INFO [JavaFX Application Thread] Starting Testes Agenda Application
2019-06-23 12:47:25,302 INFO [JavaFX Application Thread] INICIADO
2019-06-23 12:47:54,970 INFO [JavaFX Application Thread] WELD-000900: 3.1.1 (Final)
2019-06-23 12:47:55,029 INFO [JavaFX Application Thread] WELD-ENV-000020: Using jandex for bean discovery
2019-06-23 12:47:55,800 INFO [JavaFX Application Thread] WELD-000101: Transactional services not available. Injection of @Inject UserTransaction not available. Transactional observers will be invoked synchronously.
2019-06-23 12:47:56,276 INFO [JavaFX Application Thread] WELD-ENV-002003: Weld SE container 5fbb4198-4170-4d5b-a464-32b983638675 initialized
2019-06-23 12:47:56,306 INFO [JavaFX Application Thread] Starting Testes Agenda Application
2019-06-23 12:47:56,697 INFO [JavaFX Application Thread] INICIADO
2019-06-23 12:48:29,358 INFO [JavaFX Application Thread] WELD-000900: 3.1.1 (Final)
2019-06-23 12:48:29,538 INFO [JavaFX Application Thread] WELD-ENV-000020: Using jandex for bean discovery
2019-06-23 12:48:30,617 INFO [JavaFX Application Thread] WELD-000101: Transactional services not available. Injection of @Inject UserTransaction not available. Transactional observers will be invoked synchronously.
2019-06-23 12:48:31,318 INFO [JavaFX Application Thread] WELD-ENV-002003: Weld SE container 8c4d432c-d7b6-4b50-b3b4-1ac055ce9922 initialized
2019-06-23 12:48:31,350 INFO [JavaFX Application Thread] Starting Testes Agenda Application
2019-06-23 12:48:31,696 INFO [JavaFX Application Thread] INICIADO
2019-06-23 12:50:18,201 INFO [JavaFX Application Thread] WELD-000900: 3.1.1 (Final)
2019-06-23 12:50:18,380 INFO [JavaFX Application Thread] WELD-ENV-000020: Using jandex for bean discovery
2019-06-23 12:50:19,470 INFO [JavaFX Application Thread] WELD-000101: Transactional services not available. Injection of @Inject UserTransaction not available. Transactional observers will be invoked synchronously.
2019-06-23 12:50:20,236 INFO [JavaFX Application Thread] WELD-ENV-002003: Weld SE container d483f89f-449a-4bc3-acaa-c7a83cc9a3fa initialized
2019-06-23 12:50:20,270 INFO [JavaFX Application Thread] Starting Testes Agenda Application
2019-06-23 12:50:20,597 INFO [JavaFX Application Thread] INICIADO
2019-06-23 12:55:39,359 INFO [JavaFX Application Thread] WELD-000900: 3.1.1 (Final)
2019-06-23 12:55:39,419 INFO [JavaFX Application Thread] WELD-ENV-000020: Using jandex for bean discovery
2019-06-23 12:55:40,173 INFO [JavaFX Application Thread] WELD-000101: Transactional services not available. Injection of @Inject UserTransaction not available. Transactional observers will be invoked synchronously.
2019-06-23 12:55:40,599 INFO [JavaFX Application Thread] WELD-ENV-002003: Weld SE container 94670ba8-1a43-4f04-ab74-da8fd93f7829 initialized
2019-06-23 12:55:40,621 INFO [JavaFX Application Thread] Starting Testes Agenda Application
2019-06-23 12:55:40,837 INFO [JavaFX Application Thread] INICIADO
2019-06-23 14:35:22,160 INFO [JavaFX Application Thread] WELD-000900: 3.1.1 (Final)
2019-06-23 14:35:22,226 INFO [JavaFX Application Thread] WELD-ENV-000020: Using jandex for bean discovery
2019-06-23 14:35:22,982 INFO [JavaFX Application Thread] WELD-000101: Transactional services not available. Injection of @Inject UserTransaction not available. Transactional observers will be invoked synchronously.
2019-06-23 14:35:23,485 INFO [JavaFX Application Thread] WELD-ENV-002003: Weld SE container 04282162-a669-4562-bde1-c4155869320d initialized
2019-06-23 14:35:23,509 INFO [JavaFX Application Thread] Starting Testes Agenda Application
2019-06-23 14:35:23,714 INFO [JavaFX Application Thread] INICIADO
2019-06-23 14:36:28,357 INFO [JavaFX Application Thread] WELD-000900: 3.1.1 (Final)
2019-06-23 14:36:28,431 INFO [JavaFX Application Thread] WELD-ENV-000020: Using jandex for bean discovery
2019-06-23 14:36:29,264 INFO [JavaFX Application Thread] WELD-000101: Transactional services not available. Injection of @Inject UserTransaction not available. Transactional observers will be invoked synchronously.
2019-06-23 14:36:29,731 INFO [JavaFX Application Thread] WELD-ENV-002003: Weld SE container 5b9de5bb-4a39-4768-a632-08580168425d initialized
2019-06-23 14:36:29,751 INFO [JavaFX Application Thread] Starting Testes Agenda Application
2019-06-23 14:36:29,943 INFO [JavaFX Application Thread] INICIADO
2019-06-23 14:36:32,688 INFO [JavaFX Application Thread] HHH000204: Processing PersistenceUnitInfo [
	name: agenda-pu
	...]
2019-06-23 14:36:32,762 INFO [JavaFX Application Thread] HHH000412: Hibernate Core {5.3.6.Final}
2019-06-23 14:36:32,763 INFO [JavaFX Application Thread] HHH000206: hibernate.properties not found
2019-06-23 14:36:33,239 WARN [JavaFX Application Thread] HHH000059: Defining hibernate.transaction.flush_before_completion=true ignored in HEM
2019-06-23 14:36:33,288 INFO [JavaFX Application Thread] HCANN000001: Hibernate Commons Annotations {5.0.4.Final}
2019-06-23 14:36:33,523 INFO [JavaFX Application Thread] HHH000400: Using dialect: org.hibernate.dialect.H2Dialect
2019-06-23 14:36:33,749 INFO [JavaFX Application Thread] HHH10005002: No explicit CDI BeanManager reference was passed to Hibernate, but CDI is available on the Hibernate ClassLoader.
2019-06-23 14:37:05,459 INFO [JavaFX Application Thread] WELD-000900: 3.1.1 (Final)
2019-06-23 14:37:05,521 INFO [JavaFX Application Thread] WELD-ENV-000020: Using jandex for bean discovery
2019-06-23 14:37:06,314 INFO [JavaFX Application Thread] WELD-000101: Transactional services not available. Injection of @Inject UserTransaction not available. Transactional observers will be invoked synchronously.
2019-06-23 14:37:06,750 INFO [JavaFX Application Thread] WELD-ENV-002003: Weld SE container c3e13fe1-cf72-4b69-8a1b-7fc611a96774 initialized
2019-06-23 14:37:06,769 INFO [JavaFX Application Thread] Starting Testes Agenda Application
2019-06-23 14:37:06,964 INFO [JavaFX Application Thread] INICIADO
2019-06-23 14:37:14,509 INFO [JavaFX Application Thread] HHH000204: Processing PersistenceUnitInfo [
	name: agenda-pu
	...]
2019-06-23 14:37:14,591 INFO [JavaFX Application Thread] HHH000412: Hibernate Core {5.3.6.Final}
2019-06-23 14:37:14,593 INFO [JavaFX Application Thread] HHH000206: hibernate.properties not found
2019-06-23 14:37:15,080 WARN [JavaFX Application Thread] HHH000059: Defining hibernate.transaction.flush_before_completion=true ignored in HEM
2019-06-23 14:37:15,141 INFO [JavaFX Application Thread] HCANN000001: Hibernate Commons Annotations {5.0.4.Final}
2019-06-23 14:37:15,382 INFO [JavaFX Application Thread] HHH000400: Using dialect: org.hibernate.dialect.H2Dialect
2019-06-23 14:37:15,607 INFO [JavaFX Application Thread] HHH10005002: No explicit CDI BeanManager reference was passed to Hibernate, but CDI is available on the Hibernate ClassLoader.
2019-06-23 14:37:15,786 INFO [JavaFX Application Thread] HHH000397: Using ASTQueryTranslatorFactory
2019-06-23 14:38:17,522 INFO [JavaFX Application Thread] WELD-000900: 3.1.1 (Final)
2019-06-23 14:38:17,582 INFO [JavaFX Application Thread] WELD-ENV-000020: Using jandex for bean discovery
2019-06-23 14:38:18,345 INFO [JavaFX Application Thread] WELD-000101: Transactional services not available. Injection of @Inject UserTransaction not available. Transactional observers will be invoked synchronously.
2019-06-23 14:38:18,810 INFO [JavaFX Application Thread] WELD-ENV-002003: Weld SE container a68e9999-677b-44c6-b513-5dfa983bdf31 initialized
2019-06-23 14:38:18,829 INFO [JavaFX Application Thread] Starting Testes Agenda Application
2019-06-23 14:38:19,031 INFO [JavaFX Application Thread] INICIADO
2019-06-23 14:38:22,481 INFO [JavaFX Application Thread] HHH000204: Processing PersistenceUnitInfo [
	name: agenda-pu
	...]
2019-06-23 14:38:22,560 INFO [JavaFX Application Thread] HHH000412: Hibernate Core {5.3.6.Final}
2019-06-23 14:38:22,562 INFO [JavaFX Application Thread] HHH000206: hibernate.properties not found
2019-06-23 14:38:23,085 WARN [JavaFX Application Thread] HHH000059: Defining hibernate.transaction.flush_before_completion=true ignored in HEM
2019-06-23 14:38:23,139 INFO [JavaFX Application Thread] HCANN000001: Hibernate Commons Annotations {5.0.4.Final}
2019-06-23 14:38:23,381 INFO [JavaFX Application Thread] HHH000400: Using dialect: org.hibernate.dialect.H2Dialect
2019-06-23 14:38:23,654 INFO [JavaFX Application Thread] HHH10005002: No explicit CDI BeanManager reference was passed to Hibernate, but CDI is available on the Hibernate ClassLoader.
2019-06-23 14:38:24,120 INFO [JavaFX Application Thread] HHH000397: Using ASTQueryTranslatorFactory
2019-06-23 14:47:10,268 INFO [JavaFX Application Thread] WELD-000900: 3.1.1 (Final)
2019-06-23 14:47:10,341 INFO [JavaFX Application Thread] WELD-ENV-000020: Using jandex for bean discovery
2019-06-23 14:47:11,225 INFO [JavaFX Application Thread] WELD-000101: Transactional services not available. Injection of @Inject UserTransaction not available. Transactional observers will be invoked synchronously.
2019-06-23 14:47:11,812 INFO [JavaFX Application Thread] WELD-ENV-002003: Weld SE container 1ff4e502-8833-446b-8c5e-8c1d5ce6a715 initialized
2019-06-23 14:47:11,840 INFO [JavaFX Application Thread] Starting Testes Agenda Application
2019-06-23 14:47:12,063 INFO [JavaFX Application Thread] INICIADO
2019-06-23 14:47:15,292 INFO [JavaFX Application Thread] HHH000204: Processing PersistenceUnitInfo [
	name: agenda-pu
	...]
2019-06-23 14:47:15,382 INFO [JavaFX Application Thread] HHH000412: Hibernate Core {5.3.6.Final}
2019-06-23 14:47:15,383 INFO [JavaFX Application Thread] HHH000206: hibernate.properties not found
2019-06-23 14:47:15,945 WARN [JavaFX Application Thread] HHH000059: Defining hibernate.transaction.flush_before_completion=true ignored in HEM
2019-06-23 14:47:16,011 INFO [JavaFX Application Thread] HCANN000001: Hibernate Commons Annotations {5.0.4.Final}
2019-06-23 14:47:16,327 INFO [JavaFX Application Thread] HHH000400: Using dialect: org.hibernate.dialect.H2Dialect
2019-06-23 14:47:16,686 INFO [JavaFX Application Thread] HHH10005002: No explicit CDI BeanManager reference was passed to Hibernate, but CDI is available on the Hibernate ClassLoader.
2019-06-23 14:47:17,247 INFO [JavaFX Application Thread] HHH000397: Using ASTQueryTranslatorFactory
2019-06-23 15:31:57,465 INFO [JavaFX Application Thread] WELD-000900: 3.1.1 (Final)
2019-06-23 15:31:57,550 INFO [JavaFX Application Thread] WELD-ENV-000020: Using jandex for bean discovery
2019-06-23 15:31:58,414 INFO [JavaFX Application Thread] WELD-000101: Transactional services not available. Injection of @Inject UserTransaction not available. Transactional observers will be invoked synchronously.
2019-06-23 15:31:58,849 INFO [JavaFX Application Thread] WELD-ENV-002003: Weld SE container 0e40c8d1-5336-4e59-853a-aa69b41cb4a9 initialized
2019-06-23 15:31:58,875 INFO [JavaFX Application Thread] Starting Testes Agenda Application
2019-06-23 15:31:59,084 INFO [JavaFX Application Thread] INICIADO
2019-06-23 15:32:02,239 INFO [JavaFX Application Thread] HHH000204: Processing PersistenceUnitInfo [
	name: agenda-pu
	...]
2019-06-23 15:32:02,436 INFO [JavaFX Application Thread] HHH000412: Hibernate Core {5.3.6.Final}
2019-06-23 15:32:02,438 INFO [JavaFX Application Thread] HHH000206: hibernate.properties not found
2019-06-23 15:32:03,483 WARN [JavaFX Application Thread] HHH000059: Defining hibernate.transaction.flush_before_completion=true ignored in HEM
2019-06-23 15:32:03,649 INFO [JavaFX Application Thread] HCANN000001: Hibernate Commons Annotations {5.0.4.Final}
2019-06-23 15:32:03,995 INFO [JavaFX Application Thread] HHH000400: Using dialect: org.hibernate.dialect.H2Dialect
2019-06-23 15:32:04,375 INFO [JavaFX Application Thread] HHH10005002: No explicit CDI BeanManager reference was passed to Hibernate, but CDI is available on the Hibernate ClassLoader.
2019-06-23 15:32:05,252 INFO [JavaFX Application Thread] HHH000397: Using ASTQueryTranslatorFactory
2019-06-23 15:41:09,179 INFO [JavaFX Application Thread] WELD-000900: 3.1.1 (Final)
2019-06-23 15:41:09,239 INFO [JavaFX Application Thread] WELD-ENV-000020: Using jandex for bean discovery
2019-06-23 15:41:10,055 INFO [JavaFX Application Thread] WELD-000101: Transactional services not available. Injection of @Inject UserTransaction not available. Transactional observers will be invoked synchronously.
2019-06-23 15:41:10,493 INFO [JavaFX Application Thread] WELD-ENV-002003: Weld SE container 5deb0308-e022-4a2f-8396-33e6d54627c9 initialized
2019-06-23 15:41:10,513 INFO [JavaFX Application Thread] Starting Testes Agenda Application
2019-06-23 15:41:10,820 INFO [JavaFX Application Thread] INICIADO
2019-06-23 15:41:13,302 INFO [JavaFX Application Thread] HHH000204: Processing PersistenceUnitInfo [
	name: agenda-pu
	...]
2019-06-23 15:41:13,385 INFO [JavaFX Application Thread] HHH000412: Hibernate Core {5.3.6.Final}
2019-06-23 15:41:13,386 INFO [JavaFX Application Thread] HHH000206: hibernate.properties not found
2019-06-23 15:41:13,850 WARN [JavaFX Application Thread] HHH000059: Defining hibernate.transaction.flush_before_completion=true ignored in HEM
2019-06-23 15:41:13,905 INFO [JavaFX Application Thread] HCANN000001: Hibernate Commons Annotations {5.0.4.Final}
2019-06-23 15:41:14,162 INFO [JavaFX Application Thread] HHH000400: Using dialect: org.hibernate.dialect.H2Dialect
2019-06-23 15:41:14,469 INFO [JavaFX Application Thread] HHH10005002: No explicit CDI BeanManager reference was passed to Hibernate, but CDI is available on the Hibernate ClassLoader.
2019-06-23 15:41:14,990 INFO [JavaFX Application Thread] HHH000397: Using ASTQueryTranslatorFactory
2019-06-23 15:55:48,162 INFO [JavaFX Application Thread] WELD-000900: 3.1.1 (Final)
2019-06-23 15:55:48,223 INFO [JavaFX Application Thread] WELD-ENV-000020: Using jandex for bean discovery
2019-06-23 15:55:49,021 INFO [JavaFX Application Thread] WELD-000101: Transactional services not available. Injection of @Inject UserTransaction not available. Transactional observers will be invoked synchronously.
2019-06-23 15:55:49,681 INFO [JavaFX Application Thread] WELD-ENV-002003: Weld SE container 597e3dff-d8d0-41cd-9a07-1917413df83b initialized
2019-06-23 15:55:49,710 INFO [JavaFX Application Thread] Starting Testes Agenda Application
2019-06-23 15:55:49,981 INFO [JavaFX Application Thread] INICIADO
2019-06-23 15:55:55,413 INFO [JavaFX Application Thread] HHH000204: Processing PersistenceUnitInfo [
	name: agenda-pu
	...]
2019-06-23 15:55:55,485 INFO [JavaFX Application Thread] HHH000412: Hibernate Core {5.3.6.Final}
2019-06-23 15:55:55,487 INFO [JavaFX Application Thread] HHH000206: hibernate.properties not found
2019-06-23 15:55:55,960 WARN [JavaFX Application Thread] HHH000059: Defining hibernate.transaction.flush_before_completion=true ignored in HEM
2019-06-23 15:55:56,018 INFO [JavaFX Application Thread] HCANN000001: Hibernate Commons Annotations {5.0.4.Final}
2019-06-23 15:55:56,277 INFO [JavaFX Application Thread] HHH000400: Using dialect: org.hibernate.dialect.H2Dialect
2019-06-23 15:55:56,608 INFO [JavaFX Application Thread] HHH10005002: No explicit CDI BeanManager reference was passed to Hibernate, but CDI is available on the Hibernate ClassLoader.
2019-06-23 15:55:57,113 INFO [JavaFX Application Thread] HHH000397: Using ASTQueryTranslatorFactory
2019-06-23 16:03:42,101 INFO [JavaFX Application Thread] WELD-000900: 3.1.1 (Final)
2019-06-23 16:03:42,166 INFO [JavaFX Application Thread] WELD-ENV-000020: Using jandex for bean discovery
2019-06-23 16:03:42,979 INFO [JavaFX Application Thread] WELD-000101: Transactional services not available. Injection of @Inject UserTransaction not available. Transactional observers will be invoked synchronously.
2019-06-23 16:03:43,444 INFO [JavaFX Application Thread] WELD-ENV-002003: Weld SE container 6a961f90-31cd-437d-a6e7-b3157afade12 initialized
2019-06-23 16:03:43,464 INFO [JavaFX Application Thread] Starting Testes Agenda Application
2019-06-23 16:03:43,655 INFO [JavaFX Application Thread] INICIADO
2019-06-23 16:03:49,876 INFO [JavaFX Application Thread] HHH000204: Processing PersistenceUnitInfo [
	name: agenda-pu
	...]
2019-06-23 16:03:49,950 INFO [JavaFX Application Thread] HHH000412: Hibernate Core {5.3.6.Final}
2019-06-23 16:03:49,952 INFO [JavaFX Application Thread] HHH000206: hibernate.properties not found
2019-06-23 16:03:50,431 WARN [JavaFX Application Thread] HHH000059: Defining hibernate.transaction.flush_before_completion=true ignored in HEM
2019-06-23 16:03:50,481 INFO [JavaFX Application Thread] HCANN000001: Hibernate Commons Annotations {5.0.4.Final}
2019-06-23 16:03:50,736 INFO [JavaFX Application Thread] HHH000400: Using dialect: org.hibernate.dialect.H2Dialect
2019-06-23 16:03:51,035 INFO [JavaFX Application Thread] HHH10005002: No explicit CDI BeanManager reference was passed to Hibernate, but CDI is available on the Hibernate ClassLoader.
2019-06-23 16:03:51,515 INFO [JavaFX Application Thread] HHH000397: Using ASTQueryTranslatorFactory
2019-06-23 16:08:23,881 INFO [JavaFX Application Thread] WELD-000900: 3.1.1 (Final)
2019-06-23 16:08:23,977 INFO [JavaFX Application Thread] WELD-ENV-000020: Using jandex for bean discovery
2019-06-23 16:08:24,753 INFO [JavaFX Application Thread] WELD-000101: Transactional services not available. Injection of @Inject UserTransaction not available. Transactional observers will be invoked synchronously.
2019-06-23 16:08:25,213 INFO [JavaFX Application Thread] WELD-ENV-002003: Weld SE container 6e50c150-ebe9-48f1-8d2a-03e241294f56 initialized
2019-06-23 16:08:25,234 INFO [JavaFX Application Thread] Starting Testes Agenda Application
2019-06-23 16:08:25,430 INFO [JavaFX Application Thread] INICIADO
2019-06-23 16:08:30,636 INFO [JavaFX Application Thread] HHH000204: Processing PersistenceUnitInfo [
	name: agenda-pu
	...]
2019-06-23 16:08:30,715 INFO [JavaFX Application Thread] HHH000412: Hibernate Core {5.3.6.Final}
2019-06-23 16:08:30,716 INFO [JavaFX Application Thread] HHH000206: hibernate.properties not found
2019-06-23 16:08:31,210 WARN [JavaFX Application Thread] HHH000059: Defining hibernate.transaction.flush_before_completion=true ignored in HEM
2019-06-23 16:08:31,288 INFO [JavaFX Application Thread] HCANN000001: Hibernate Commons Annotations {5.0.4.Final}
2019-06-23 16:08:31,550 INFO [JavaFX Application Thread] HHH000400: Using dialect: org.hibernate.dialect.H2Dialect
2019-06-23 16:08:31,869 INFO [JavaFX Application Thread] HHH10005002: No explicit CDI BeanManager reference was passed to Hibernate, but CDI is available on the Hibernate ClassLoader.
2019-06-23 16:08:32,370 INFO [JavaFX Application Thread] HHH000397: Using ASTQueryTranslatorFactory
2019-06-23 16:09:49,308 INFO [JavaFX Application Thread] WELD-000900: 3.1.1 (Final)
2019-06-23 16:09:49,372 INFO [JavaFX Application Thread] WELD-ENV-000020: Using jandex for bean discovery
2019-06-23 16:09:50,206 INFO [JavaFX Application Thread] WELD-000101: Transactional services not available. Injection of @Inject UserTransaction not available. Transactional observers will be invoked synchronously.
2019-06-23 16:09:50,906 INFO [JavaFX Application Thread] WELD-ENV-002003: Weld SE container d52f202c-8c03-4638-87ab-aa8408999af8 initialized
2019-06-23 16:09:50,924 INFO [JavaFX Application Thread] Starting Testes Agenda Application
2019-06-23 16:09:51,112 INFO [JavaFX Application Thread] INICIADO
2019-06-23 16:09:54,568 INFO [JavaFX Application Thread] HHH000204: Processing PersistenceUnitInfo [
	name: agenda-pu
	...]
2019-06-23 16:09:54,644 INFO [JavaFX Application Thread] HHH000412: Hibernate Core {5.3.6.Final}
2019-06-23 16:09:54,645 INFO [JavaFX Application Thread] HHH000206: hibernate.properties not found
2019-06-23 16:09:55,163 WARN [JavaFX Application Thread] HHH000059: Defining hibernate.transaction.flush_before_completion=true ignored in HEM
2019-06-23 16:09:55,235 INFO [JavaFX Application Thread] HCANN000001: Hibernate Commons Annotations {5.0.4.Final}
2019-06-23 16:09:55,521 INFO [JavaFX Application Thread] HHH000400: Using dialect: org.hibernate.dialect.H2Dialect
2019-06-23 16:09:55,906 INFO [JavaFX Application Thread] HHH10005002: No explicit CDI BeanManager reference was passed to Hibernate, but CDI is available on the Hibernate ClassLoader.
2019-06-23 16:09:56,589 INFO [JavaFX Application Thread] HHH000397: Using ASTQueryTranslatorFactory
2019-06-23 16:12:14,297 INFO [JavaFX Application Thread] WELD-000900: 3.1.1 (Final)
2019-06-23 16:12:14,356 INFO [JavaFX Application Thread] WELD-ENV-000020: Using jandex for bean discovery
2019-06-23 16:12:15,156 INFO [JavaFX Application Thread] WELD-000101: Transactional services not available. Injection of @Inject UserTransaction not available. Transactional observers will be invoked synchronously.
2019-06-23 16:12:15,627 INFO [JavaFX Application Thread] WELD-ENV-002003: Weld SE container ece80052-a080-4a3e-bd28-be6351435394 initialized
2019-06-23 16:12:15,647 INFO [JavaFX Application Thread] Starting Testes Agenda Application
2019-06-23 16:12:15,847 INFO [JavaFX Application Thread] INICIADO
2019-06-23 16:12:20,714 INFO [JavaFX Application Thread] HHH000204: Processing PersistenceUnitInfo [
	name: agenda-pu
	...]
2019-06-23 16:12:20,789 INFO [JavaFX Application Thread] HHH000412: Hibernate Core {5.3.6.Final}
2019-06-23 16:12:20,790 INFO [JavaFX Application Thread] HHH000206: hibernate.properties not found
2019-06-23 16:12:21,242 WARN [JavaFX Application Thread] HHH000059: Defining hibernate.transaction.flush_before_completion=true ignored in HEM
2019-06-23 16:12:21,300 INFO [JavaFX Application Thread] HCANN000001: Hibernate Commons Annotations {5.0.4.Final}
2019-06-23 16:12:21,579 INFO [JavaFX Application Thread] HHH000400: Using dialect: org.hibernate.dialect.H2Dialect
2019-06-23 16:12:21,968 INFO [JavaFX Application Thread] HHH10005002: No explicit CDI BeanManager reference was passed to Hibernate, but CDI is available on the Hibernate ClassLoader.
2019-06-23 16:12:22,602 INFO [JavaFX Application Thread] HHH000397: Using ASTQueryTranslatorFactory
2019-06-23 16:13:39,643 INFO [JavaFX Application Thread] WELD-000900: 3.1.1 (Final)
2019-06-23 16:13:39,704 INFO [JavaFX Application Thread] WELD-ENV-000020: Using jandex for bean discovery
2019-06-23 16:13:40,491 INFO [JavaFX Application Thread] WELD-000101: Transactional services not available. Injection of @Inject UserTransaction not available. Transactional observers will be invoked synchronously.
2019-06-23 16:13:40,940 INFO [JavaFX Application Thread] WELD-ENV-002003: Weld SE container b9f7c132-48f8-4ec8-b4ee-27a158e3f352 initialized
2019-06-23 16:13:40,959 INFO [JavaFX Application Thread] Starting Testes Agenda Application
2019-06-23 16:13:41,156 INFO [JavaFX Application Thread] INICIADO
2019-06-23 16:13:45,627 INFO [JavaFX Application Thread] HHH000204: Processing PersistenceUnitInfo [
	name: agenda-pu
	...]
2019-06-23 16:13:45,702 INFO [JavaFX Application Thread] HHH000412: Hibernate Core {5.3.6.Final}
2019-06-23 16:13:45,704 INFO [JavaFX Application Thread] HHH000206: hibernate.properties not found
2019-06-23 16:13:46,219 WARN [JavaFX Application Thread] HHH000059: Defining hibernate.transaction.flush_before_completion=true ignored in HEM
2019-06-23 16:13:46,275 INFO [JavaFX Application Thread] HCANN000001: Hibernate Commons Annotations {5.0.4.Final}
2019-06-23 16:13:46,524 INFO [JavaFX Application Thread] HHH000400: Using dialect: org.hibernate.dialect.H2Dialect
2019-06-23 16:13:46,835 INFO [JavaFX Application Thread] HHH10005002: No explicit CDI BeanManager reference was passed to Hibernate, but CDI is available on the Hibernate ClassLoader.
2019-06-23 16:13:47,309 INFO [JavaFX Application Thread] HHH000397: Using ASTQueryTranslatorFactory
2019-06-23 16:14:42,100 INFO [JavaFX Application Thread] WELD-000900: 3.1.1 (Final)
2019-06-23 16:14:42,160 INFO [JavaFX Application Thread] WELD-ENV-000020: Using jandex for bean discovery
2019-06-23 16:14:43,137 INFO [JavaFX Application Thread] WELD-000101: Transactional services not available. Injection of @Inject UserTransaction not available. Transactional observers will be invoked synchronously.
2019-06-23 16:14:43,584 INFO [JavaFX Application Thread] WELD-ENV-002003: Weld SE container bc3d8327-805e-4af0-ae31-cb70711605e0 initialized
2019-06-23 16:14:43,602 INFO [JavaFX Application Thread] Starting Testes Agenda Application
2019-06-23 16:14:43,785 INFO [JavaFX Application Thread] INICIADO
2019-06-23 16:14:48,462 INFO [JavaFX Application Thread] HHH000204: Processing PersistenceUnitInfo [
	name: agenda-pu
	...]
2019-06-23 16:14:48,580 INFO [JavaFX Application Thread] HHH000412: Hibernate Core {5.3.6.Final}
2019-06-23 16:14:48,582 INFO [JavaFX Application Thread] HHH000206: hibernate.properties not found
2019-06-23 16:14:49,040 WARN [JavaFX Application Thread] HHH000059: Defining hibernate.transaction.flush_before_completion=true ignored in HEM
2019-06-23 16:14:49,091 INFO [JavaFX Application Thread] HCANN000001: Hibernate Commons Annotations {5.0.4.Final}
2019-06-23 16:14:49,358 INFO [JavaFX Application Thread] HHH000400: Using dialect: org.hibernate.dialect.H2Dialect
2019-06-23 16:14:49,688 INFO [JavaFX Application Thread] HHH10005002: No explicit CDI BeanManager reference was passed to Hibernate, but CDI is available on the Hibernate ClassLoader.
2019-06-23 16:14:50,210 INFO [JavaFX Application Thread] HHH000397: Using ASTQueryTranslatorFactory
2019-06-23 16:15:37,917 INFO [JavaFX Application Thread] WELD-000900: 3.1.1 (Final)
2019-06-23 16:15:38,110 INFO [JavaFX Application Thread] WELD-ENV-000020: Using jandex for bean discovery
2019-06-23 16:15:39,186 INFO [JavaFX Application Thread] WELD-000101: Transactional services not available. Injection of @Inject UserTransaction not available. Transactional observers will be invoked synchronously.
2019-06-23 16:15:39,935 INFO [JavaFX Application Thread] WELD-ENV-002003: Weld SE container d8e318f3-81ac-495b-a3cb-429273c3bc21 initialized
2019-06-23 16:15:39,960 INFO [JavaFX Application Thread] Starting Testes Agenda Application
2019-06-23 16:15:40,281 INFO [JavaFX Application Thread] INICIADO
2019-06-23 16:15:43,620 INFO [JavaFX Application Thread] HHH000204: Processing PersistenceUnitInfo [
	name: agenda-pu
	...]
2019-06-23 16:15:43,811 INFO [JavaFX Application Thread] HHH000412: Hibernate Core {5.3.6.Final}
2019-06-23 16:15:43,814 INFO [JavaFX Application Thread] HHH000206: hibernate.properties not found
2019-06-23 16:15:44,694 WARN [JavaFX Application Thread] HHH000059: Defining hibernate.transaction.flush_before_completion=true ignored in HEM
2019-06-23 16:15:44,805 INFO [JavaFX Application Thread] HCANN000001: Hibernate Commons Annotations {5.0.4.Final}
2019-06-23 16:15:45,151 INFO [JavaFX Application Thread] HHH000400: Using dialect: org.hibernate.dialect.H2Dialect
2019-06-23 16:15:45,695 INFO [JavaFX Application Thread] HHH10005002: No explicit CDI BeanManager reference was passed to Hibernate, but CDI is available on the Hibernate ClassLoader.
2019-06-23 16:15:52,188 INFO [JavaFX Application Thread] HHH000397: Using ASTQueryTranslatorFactory
2019-06-23 16:17:19,955 INFO [JavaFX Application Thread] WELD-000900: 3.1.1 (Final)
2019-06-23 16:17:20,013 INFO [JavaFX Application Thread] WELD-ENV-000020: Using jandex for bean discovery
2019-06-23 16:17:20,779 INFO [JavaFX Application Thread] WELD-000101: Transactional services not available. Injection of @Inject UserTransaction not available. Transactional observers will be invoked synchronously.
2019-06-23 16:17:21,255 INFO [JavaFX Application Thread] WELD-ENV-002003: Weld SE container 9fe60cbb-f2cc-40eb-bc06-b119957ae58b initialized
2019-06-23 16:17:21,294 INFO [JavaFX Application Thread] Starting Testes Agenda Application
2019-06-23 16:17:21,707 INFO [JavaFX Application Thread] INICIADO
2019-06-23 16:17:25,493 INFO [JavaFX Application Thread] HHH000204: Processing PersistenceUnitInfo [
	name: agenda-pu
	...]
2019-06-23 16:17:25,573 INFO [JavaFX Application Thread] HHH000412: Hibernate Core {5.3.6.Final}
2019-06-23 16:17:25,575 INFO [JavaFX Application Thread] HHH000206: hibernate.properties not found
2019-06-23 16:17:29,802 WARN [JavaFX Application Thread] HHH000059: Defining hibernate.transaction.flush_before_completion=true ignored in HEM
2019-06-23 16:17:29,854 INFO [JavaFX Application Thread] HCANN000001: Hibernate Commons Annotations {5.0.4.Final}
2019-06-23 16:17:30,006 WARN [JavaFX Application Thread] HHH000181: No appropriate connection provider encountered, assuming application will be supplying connections
2019-06-23 16:17:30,007 WARN [JavaFX Application Thread] HHH000342: Could not obtain connection to query metadata : The application must supply JDBC connections
2019-06-23 16:17:38,011 INFO [JavaFX Application Thread] WELD-000900: 3.1.1 (Final)
2019-06-23 16:17:38,143 INFO [JavaFX Application Thread] WELD-ENV-000020: Using jandex for bean discovery
2019-06-23 16:17:39,008 INFO [JavaFX Application Thread] WELD-000101: Transactional services not available. Injection of @Inject UserTransaction not available. Transactional observers will be invoked synchronously.
2019-06-23 16:17:39,463 INFO [JavaFX Application Thread] WELD-ENV-002003: Weld SE container 95ba580d-bd0b-401e-8a62-7db8792ce5d0 initialized
2019-06-23 16:17:39,487 INFO [JavaFX Application Thread] Starting Testes Agenda Application
2019-06-23 16:17:39,684 INFO [JavaFX Application Thread] INICIADO
2019-06-23 16:17:42,205 INFO [JavaFX Application Thread] HHH000204: Processing PersistenceUnitInfo [
	name: agenda-pu
	...]
2019-06-23 16:17:42,282 INFO [JavaFX Application Thread] HHH000412: Hibernate Core {5.3.6.Final}
2019-06-23 16:17:42,284 INFO [JavaFX Application Thread] HHH000206: hibernate.properties not found
2019-06-23 16:17:42,744 WARN [JavaFX Application Thread] HHH000059: Defining hibernate.transaction.flush_before_completion=true ignored in HEM
2019-06-23 16:17:42,800 INFO [JavaFX Application Thread] HCANN000001: Hibernate Commons Annotations {5.0.4.Final}
2019-06-23 16:17:43,088 INFO [JavaFX Application Thread] HHH000400: Using dialect: org.hibernate.dialect.H2Dialect
2019-06-23 16:17:43,438 INFO [JavaFX Application Thread] HHH10005002: No explicit CDI BeanManager reference was passed to Hibernate, but CDI is available on the Hibernate ClassLoader.
2019-06-23 16:17:44,170 INFO [JavaFX Application Thread] HHH000397: Using ASTQueryTranslatorFactory
2019-06-23 16:23:37,892 INFO [JavaFX Application Thread] WELD-000900: 3.1.1 (Final)
2019-06-23 16:23:37,950 INFO [JavaFX Application Thread] WELD-ENV-000020: Using jandex for bean discovery
2019-06-23 16:23:38,733 INFO [JavaFX Application Thread] WELD-000101: Transactional services not available. Injection of @Inject UserTransaction not available. Transactional observers will be invoked synchronously.
2019-06-23 16:23:39,224 INFO [JavaFX Application Thread] WELD-ENV-002003: Weld SE container 3be9af6b-088b-45b4-b72a-94ee76a5f510 initialized
2019-06-23 16:23:39,242 INFO [JavaFX Application Thread] Starting Testes Agenda Application
2019-06-23 16:23:39,428 INFO [JavaFX Application Thread] INICIADO
2019-06-23 16:23:42,549 INFO [JavaFX Application Thread] HHH000204: Processing PersistenceUnitInfo [
	name: agenda-pu
	...]
2019-06-23 16:23:42,627 INFO [JavaFX Application Thread] HHH000412: Hibernate Core {5.3.6.Final}
2019-06-23 16:23:42,629 INFO [JavaFX Application Thread] HHH000206: hibernate.properties not found
2019-06-23 16:23:43,089 WARN [JavaFX Application Thread] HHH000059: Defining hibernate.transaction.flush_before_completion=true ignored in HEM
2019-06-23 16:23:43,149 INFO [JavaFX Application Thread] HCANN000001: Hibernate Commons Annotations {5.0.4.Final}
2019-06-23 16:23:43,408 INFO [JavaFX Application Thread] HHH000400: Using dialect: org.hibernate.dialect.H2Dialect
2019-06-23 16:23:43,691 INFO [JavaFX Application Thread] HHH10005002: No explicit CDI BeanManager reference was passed to Hibernate, but CDI is available on the Hibernate ClassLoader.
2019-06-23 16:23:44,195 INFO [JavaFX Application Thread] HHH000397: Using ASTQueryTranslatorFactory
2019-06-23 16:33:05,183 INFO [JavaFX Application Thread] WELD-000900: 3.1.1 (Final)
2019-06-23 16:33:05,243 INFO [JavaFX Application Thread] WELD-ENV-000020: Using jandex for bean discovery
2019-06-23 16:33:06,008 INFO [JavaFX Application Thread] WELD-000101: Transactional services not available. Injection of @Inject UserTransaction not available. Transactional observers will be invoked synchronously.
2019-06-23 16:33:06,526 INFO [JavaFX Application Thread] WELD-ENV-002003: Weld SE container 41063e11-860c-4a10-820e-1712e29c2b40 initialized
2019-06-23 16:33:06,547 INFO [JavaFX Application Thread] Starting Testes Agenda Application
2019-06-23 16:33:06,739 INFO [JavaFX Application Thread] INICIADO
2019-06-23 16:33:09,321 INFO [JavaFX Application Thread] HHH000204: Processing PersistenceUnitInfo [
	name: agenda-pu
	...]
2019-06-23 16:33:09,396 INFO [JavaFX Application Thread] HHH000412: Hibernate Core {5.3.6.Final}
2019-06-23 16:33:09,397 INFO [JavaFX Application Thread] HHH000206: hibernate.properties not found
2019-06-23 16:33:09,872 WARN [JavaFX Application Thread] HHH000059: Defining hibernate.transaction.flush_before_completion=true ignored in HEM
2019-06-23 16:33:09,929 INFO [JavaFX Application Thread] HCANN000001: Hibernate Commons Annotations {5.0.4.Final}
2019-06-23 16:33:10,185 INFO [JavaFX Application Thread] HHH000400: Using dialect: org.hibernate.dialect.H2Dialect
2019-06-23 16:33:10,472 INFO [JavaFX Application Thread] HHH10005002: No explicit CDI BeanManager reference was passed to Hibernate, but CDI is available on the Hibernate ClassLoader.
2019-06-23 16:33:42,721 INFO [JavaFX Application Thread] WELD-000900: 3.1.1 (Final)
2019-06-23 16:33:42,789 INFO [JavaFX Application Thread] WELD-ENV-000020: Using jandex for bean discovery
2019-06-23 16:33:43,580 INFO [JavaFX Application Thread] WELD-000101: Transactional services not available. Injection of @Inject UserTransaction not available. Transactional observers will be invoked synchronously.
2019-06-23 16:33:44,050 INFO [JavaFX Application Thread] WELD-ENV-002003: Weld SE container 43402ed8-5978-4061-98e1-cc644cb1f25d initialized
2019-06-23 16:33:44,069 INFO [JavaFX Application Thread] Starting Testes Agenda Application
2019-06-23 16:33:44,249 INFO [JavaFX Application Thread] INICIADO
2019-06-23 16:33:46,815 INFO [JavaFX Application Thread] HHH000204: Processing PersistenceUnitInfo [
	name: agenda-pu
	...]
2019-06-23 16:33:46,884 INFO [JavaFX Application Thread] HHH000412: Hibernate Core {5.3.6.Final}
2019-06-23 16:33:46,885 INFO [JavaFX Application Thread] HHH000206: hibernate.properties not found
2019-06-23 16:33:47,361 WARN [JavaFX Application Thread] HHH000059: Defining hibernate.transaction.flush_before_completion=true ignored in HEM
2019-06-23 16:33:47,416 INFO [JavaFX Application Thread] HCANN000001: Hibernate Commons Annotations {5.0.4.Final}
2019-06-23 16:33:47,680 INFO [JavaFX Application Thread] HHH000400: Using dialect: org.hibernate.dialect.H2Dialect
2019-06-23 16:33:47,957 INFO [JavaFX Application Thread] HHH10005002: No explicit CDI BeanManager reference was passed to Hibernate, but CDI is available on the Hibernate ClassLoader.
2019-06-23 16:33:48,488 INFO [JavaFX Application Thread] HHH000397: Using ASTQueryTranslatorFactory
2019-06-23 16:33:57,920 INFO [Thread-5] WELD-ENV-002001: Weld SE container 43402ed8-5978-4061-98e1-cc644cb1f25d shut down
2019-06-23 16:34:19,683 INFO [JavaFX Application Thread] WELD-000900: 3.1.1 (Final)
2019-06-23 16:34:19,742 INFO [JavaFX Application Thread] WELD-ENV-000020: Using jandex for bean discovery
2019-06-23 16:34:20,519 INFO [JavaFX Application Thread] WELD-000101: Transactional services not available. Injection of @Inject UserTransaction not available. Transactional observers will be invoked synchronously.
2019-06-23 16:34:20,985 INFO [JavaFX Application Thread] WELD-ENV-002003: Weld SE container 72428693-0733-4202-b74e-386843b010dd initialized
2019-06-23 16:34:21,003 INFO [JavaFX Application Thread] Starting Testes Agenda Application
2019-06-23 16:34:21,190 INFO [JavaFX Application Thread] INICIADO
2019-06-23 16:34:27,221 INFO [JavaFX Application Thread] HHH000204: Processing PersistenceUnitInfo [
	name: agenda-pu
	...]
2019-06-23 16:34:27,290 INFO [JavaFX Application Thread] HHH000412: Hibernate Core {5.3.6.Final}
2019-06-23 16:34:27,291 INFO [JavaFX Application Thread] HHH000206: hibernate.properties not found
2019-06-23 16:34:27,766 WARN [JavaFX Application Thread] HHH000059: Defining hibernate.transaction.flush_before_completion=true ignored in HEM
2019-06-23 16:34:27,819 INFO [JavaFX Application Thread] HCANN000001: Hibernate Commons Annotations {5.0.4.Final}
2019-06-23 16:34:28,087 INFO [JavaFX Application Thread] HHH000400: Using dialect: org.hibernate.dialect.H2Dialect
2019-06-23 16:34:28,372 INFO [JavaFX Application Thread] HHH10005002: No explicit CDI BeanManager reference was passed to Hibernate, but CDI is available on the Hibernate ClassLoader.
2019-06-23 16:34:28,915 INFO [JavaFX Application Thread] HHH000397: Using ASTQueryTranslatorFactory
2019-06-23 16:34:41,932 INFO [Thread-5] WELD-ENV-002001: Weld SE container 72428693-0733-4202-b74e-386843b010dd shut down
2019-06-23 16:38:45,934 INFO [JavaFX Application Thread] WELD-000900: 3.1.1 (Final)
2019-06-23 16:38:46,065 INFO [JavaFX Application Thread] WELD-ENV-000020: Using jandex for bean discovery
2019-06-23 16:38:47,067 INFO [JavaFX Application Thread] WELD-000101: Transactional services not available. Injection of @Inject UserTransaction not available. Transactional observers will be invoked synchronously.
2019-06-23 16:38:47,831 INFO [JavaFX Application Thread] WELD-ENV-002003: Weld SE container c56a5851-1f5f-4dea-8bc4-7fe1c3833812 initialized
2019-06-23 16:38:47,860 INFO [JavaFX Application Thread] Starting Testes Agenda Application
2019-06-23 16:38:48,214 INFO [JavaFX Application Thread] INICIADO
2019-06-23 16:38:58,632 INFO [JavaFX Application Thread] HHH000204: Processing PersistenceUnitInfo [
	name: agenda-pu
	...]
2019-06-23 16:38:58,869 INFO [JavaFX Application Thread] HHH000412: Hibernate Core {5.3.6.Final}
2019-06-23 16:38:58,889 INFO [JavaFX Application Thread] HHH000206: hibernate.properties not found
2019-06-23 16:38:59,527 WARN [JavaFX Application Thread] HHH000059: Defining hibernate.transaction.flush_before_completion=true ignored in HEM
2019-06-23 16:38:59,649 INFO [JavaFX Application Thread] HCANN000001: Hibernate Commons Annotations {5.0.4.Final}
2019-06-23 16:38:59,964 INFO [JavaFX Application Thread] HHH000400: Using dialect: org.hibernate.dialect.H2Dialect
2019-06-23 16:39:00,404 INFO [JavaFX Application Thread] HHH10005002: No explicit CDI BeanManager reference was passed to Hibernate, but CDI is available on the Hibernate ClassLoader.
2019-06-23 16:39:06,618 INFO [JavaFX Application Thread] HHH000397: Using ASTQueryTranslatorFactory
2019-06-23 16:57:00,188 INFO [JavaFX Application Thread] WELD-000900: 3.1.1 (Final)
2019-06-23 16:57:00,249 INFO [JavaFX Application Thread] WELD-ENV-000020: Using jandex for bean discovery
2019-06-23 16:57:01,034 INFO [JavaFX Application Thread] WELD-000101: Transactional services not available. Injection of @Inject UserTransaction not available. Transactional observers will be invoked synchronously.
2019-06-23 16:57:01,482 INFO [JavaFX Application Thread] WELD-ENV-002003: Weld SE container 4f6a44e0-64f8-4100-9618-6c1a3177d8a8 initialized
2019-06-23 16:57:01,502 INFO [JavaFX Application Thread] Starting Testes Agenda Application
2019-06-23 16:57:01,700 INFO [JavaFX Application Thread] INICIADO
2019-06-23 16:57:04,931 INFO [JavaFX Application Thread] HHH000204: Processing PersistenceUnitInfo [
	name: agenda-pu
	...]
2019-06-23 16:57:05,017 INFO [JavaFX Application Thread] HHH000412: Hibernate Core {5.3.6.Final}
2019-06-23 16:57:05,019 INFO [JavaFX Application Thread] HHH000206: hibernate.properties not found
2019-06-23 16:57:05,550 WARN [JavaFX Application Thread] HHH000059: Defining hibernate.transaction.flush_before_completion=true ignored in HEM
2019-06-23 16:57:05,607 INFO [JavaFX Application Thread] HCANN000001: Hibernate Commons Annotations {5.0.4.Final}
2019-06-23 16:57:05,849 INFO [JavaFX Application Thread] HHH000400: Using dialect: org.hibernate.dialect.H2Dialect
2019-06-23 16:57:06,173 INFO [JavaFX Application Thread] HHH10005002: No explicit CDI BeanManager reference was passed to Hibernate, but CDI is available on the Hibernate ClassLoader.
2019-06-23 16:57:06,674 INFO [JavaFX Application Thread] HHH000397: Using ASTQueryTranslatorFactory
2019-06-23 16:57:19,231 INFO [JavaFX Application Thread] WELD-000900: 3.1.1 (Final)
2019-06-23 16:57:19,290 INFO [JavaFX Application Thread] WELD-ENV-000020: Using jandex for bean discovery
2019-06-23 16:57:20,226 INFO [JavaFX Application Thread] WELD-000101: Transactional services not available. Injection of @Inject UserTransaction not available. Transactional observers will be invoked synchronously.
2019-06-23 16:57:20,783 INFO [JavaFX Application Thread] WELD-ENV-002003: Weld SE container 7dfbecd9-b0dc-4679-863d-cdc1537d0724 initialized
2019-06-23 16:57:20,802 INFO [JavaFX Application Thread] Starting Testes Agenda Application
2019-06-23 16:57:20,992 INFO [JavaFX Application Thread] INICIADO
2019-06-23 16:57:23,461 INFO [JavaFX Application Thread] HHH000204: Processing PersistenceUnitInfo [
	name: agenda-pu
	...]
2019-06-23 16:57:23,552 INFO [JavaFX Application Thread] HHH000412: Hibernate Core {5.3.6.Final}
2019-06-23 16:57:23,555 INFO [JavaFX Application Thread] HHH000206: hibernate.properties not found
2019-06-23 16:57:24,019 WARN [JavaFX Application Thread] HHH000059: Defining hibernate.transaction.flush_before_completion=true ignored in HEM
2019-06-23 16:57:24,070 INFO [JavaFX Application Thread] HCANN000001: Hibernate Commons Annotations {5.0.4.Final}
2019-06-23 16:57:24,315 INFO [JavaFX Application Thread] HHH000400: Using dialect: org.hibernate.dialect.H2Dialect
2019-06-23 16:57:24,608 INFO [JavaFX Application Thread] HHH10005002: No explicit CDI BeanManager reference was passed to Hibernate, but CDI is available on the Hibernate ClassLoader.
2019-06-23 16:57:25,111 INFO [JavaFX Application Thread] HHH000397: Using ASTQueryTranslatorFactory
2019-06-23 16:58:16,536 INFO [JavaFX Application Thread] WELD-000900: 3.1.1 (Final)
2019-06-23 16:58:16,619 INFO [JavaFX Application Thread] WELD-ENV-000020: Using jandex for bean discovery
2019-06-23 16:58:17,527 INFO [JavaFX Application Thread] WELD-000101: Transactional services not available. Injection of @Inject UserTransaction not available. Transactional observers will be invoked synchronously.
2019-06-23 16:58:18,031 INFO [JavaFX Application Thread] WELD-ENV-002003: Weld SE container 62d7be2f-8e9d-4eeb-bcee-12d1ac7a977d initialized
2019-06-23 16:58:18,052 INFO [JavaFX Application Thread] Starting Testes Agenda Application
2019-06-23 16:58:18,258 INFO [JavaFX Application Thread] INICIADO
2019-06-23 16:58:21,129 INFO [JavaFX Application Thread] HHH000204: Processing PersistenceUnitInfo [
	name: agenda-pu
	...]
2019-06-23 16:58:21,221 INFO [JavaFX Application Thread] HHH000412: Hibernate Core {5.3.6.Final}
2019-06-23 16:58:21,222 INFO [JavaFX Application Thread] HHH000206: hibernate.properties not found
2019-06-23 16:58:21,804 WARN [JavaFX Application Thread] HHH000059: Defining hibernate.transaction.flush_before_completion=true ignored in HEM
2019-06-23 16:58:21,859 INFO [JavaFX Application Thread] HCANN000001: Hibernate Commons Annotations {5.0.4.Final}
2019-06-23 16:58:22,130 INFO [JavaFX Application Thread] HHH000400: Using dialect: org.hibernate.dialect.H2Dialect
2019-06-23 16:58:22,464 INFO [JavaFX Application Thread] HHH10005002: No explicit CDI BeanManager reference was passed to Hibernate, but CDI is available on the Hibernate ClassLoader.
2019-06-23 16:58:23,033 INFO [JavaFX Application Thread] HHH000397: Using ASTQueryTranslatorFactory
2019-06-23 16:58:35,003 INFO [JavaFX Application Thread] WELD-000900: 3.1.1 (Final)
2019-06-23 16:58:35,122 INFO [JavaFX Application Thread] WELD-ENV-000020: Using jandex for bean discovery
2019-06-23 16:58:36,222 INFO [JavaFX Application Thread] WELD-000101: Transactional services not available. Injection of @Inject UserTransaction not available. Transactional observers will be invoked synchronously.
2019-06-23 16:58:37,590 INFO [JavaFX Application Thread] WELD-ENV-002003: Weld SE container bfd4aac0-53dd-4a41-8712-0fce8df36844 initialized
2019-06-23 16:58:37,618 INFO [JavaFX Application Thread] Starting Testes Agenda Application
2019-06-23 16:58:37,940 INFO [JavaFX Application Thread] INICIADO
2019-06-23 16:58:40,724 INFO [JavaFX Application Thread] HHH000204: Processing PersistenceUnitInfo [
	name: agenda-pu
	...]
2019-06-23 16:58:40,855 INFO [JavaFX Application Thread] HHH000412: Hibernate Core {5.3.6.Final}
2019-06-23 16:58:40,858 INFO [JavaFX Application Thread] HHH000206: hibernate.properties not found
2019-06-23 16:58:41,529 WARN [JavaFX Application Thread] HHH000059: Defining hibernate.transaction.flush_before_completion=true ignored in HEM
2019-06-23 16:58:41,605 INFO [JavaFX Application Thread] HCANN000001: Hibernate Commons Annotations {5.0.4.Final}
2019-06-23 16:58:41,953 INFO [JavaFX Application Thread] HHH000400: Using dialect: org.hibernate.dialect.H2Dialect
2019-06-23 16:58:42,429 INFO [JavaFX Application Thread] HHH10005002: No explicit CDI BeanManager reference was passed to Hibernate, but CDI is available on the Hibernate ClassLoader.
2019-06-23 16:58:43,583 INFO [JavaFX Application Thread] HHH000397: Using ASTQueryTranslatorFactory
